<?xml version="1.0" encoding="UTF-8"?>
<!-- Generated by org.testng.reporters.JUnitXMLReporter -->
<testsuite hostname="ATMECSINDT-083" failures="1" tests="1" name="Test" time="55.952" errors="0" timestamp="11 Mar 2020 15:13:55 GMT">
  <testcase classname="com.atmecs.phpdemo.testscript.HomePageValidation" name="validateHomePage" time="25.437">
    <failure type="org.openqa.selenium.NoSuchElementException" message="Cannot locate element with text: //option[contains(text(),&amp;apos;Yes&amp;apos;)]
For documentation on this error, please visit: https://www.seleniumhq.org/exceptions/no_such_element.html
Build info: version: &amp;apos;3.141.59&amp;apos;, revision: &amp;apos;e82be7d358&amp;apos;, time: &amp;apos;2018-11-14T08:17:03&amp;apos;
System info: host: &amp;apos;ATMECSINDT-083&amp;apos;, ip: &amp;apos;40.40.40.181&amp;apos;, os.name: &amp;apos;Windows 10&amp;apos;, os.arch: &amp;apos;amd64&amp;apos;, os.version: &amp;apos;10.0&amp;apos;, java.version: &amp;apos;12.0.2&amp;apos;
Driver info: driver.version: unknown">
      <![CDATA[org.openqa.selenium.NoSuchElementException: Cannot locate element with text: //option[contains(text(),'Yes')]
For documentation on this error, please visit: https://www.seleniumhq.org/exceptions/no_such_element.html
Build info: version: '3.141.59', revision: 'e82be7d358', time: '2018-11-14T08:17:03'
System info: host: 'ATMECSINDT-083', ip: '40.40.40.181', os.name: 'Windows 10', os.arch: 'amd64', os.version: '10.0', java.version: '12.0.2'
Driver info: driver.version: unknown
	at org.openqa.selenium.support.ui.Select.selectByVisibleText(Select.java:147)
	at com.atmecs.phpdemo.helpers.PageActions.dropDown(PageActions.java:16)
	at com.atmecs.phpdemo.pages.HomePageHelper.homePageValidation(HomePageHelper.java:54)
	at com.atmecs.phpdemo.testscript.HomePageValidation.validateHomePage(HomePageValidation.java:12)
... Removed 25 stack frames]]>
    </failure>
  </testcase> <!-- validateHomePage -->
</testsuite> <!-- Test -->
